<?xml version="1.0" encoding="UTF-8"?>
<testsuite name="com.reliaquest.api.ApiIntegrationTest" tests="9" skipped="0" failures="0" errors="0" timestamp="2025-01-10T20:43:14" hostname="Rushikeshs-MacBook-Pro.local" time="0.363">
  <properties/>
  <testcase name="CreateEmployeeWithInvalidName" classname="com.reliaquest.api.ApiIntegrationTest" time="0.166"/>
  <testcase name="getTopTenHighestEarningEmployeeNames" classname="com.reliaquest.api.ApiIntegrationTest" time="0.024"/>
  <testcase name="getHighestEmployeeSalary" classname="com.reliaquest.api.ApiIntegrationTest" time="0.048"/>
  <testcase name="CreateEmployeeWithInvalidAge" classname="com.reliaquest.api.ApiIntegrationTest" time="0.023"/>
  <testcase name="getEmployeeById" classname="com.reliaquest.api.ApiIntegrationTest" time="0.027"/>
  <testcase name="CreateEmployeeWithInvalidSalary" classname="com.reliaquest.api.ApiIntegrationTest" time="0.017"/>
  <testcase name="CreateEmployeeAndDeleteEmployee" classname="com.reliaquest.api.ApiIntegrationTest" time="0.018"/>
  <testcase name="SearchEmployeeByName" classname="com.reliaquest.api.ApiIntegrationTest" time="0.02"/>
  <testcase name="GetAllEmployeesTest" classname="com.reliaquest.api.ApiIntegrationTest" time="0.007"/>
  <system-out><![CDATA[2025-01-11 02:13:14 INFO  o.s.t.c.s.AnnotationConfigContextLoaderUtils - Could not detect default configuration classes for test class [com.reliaquest.api.ApiIntegrationTest]: ApiIntegrationTest does not declare any static, non-private, non-final, nested classes annotated with @Configuration.
2025-01-11 02:13:14 INFO  o.s.b.t.c.SpringBootTestContextBootstrapper - Found @SpringBootConfiguration com.reliaquest.api.ApiApplication for test class com.reliaquest.api.ApiIntegrationTest
2025-01-11 02:13:14 INFO  c.reliaquest.api.ApiApplicationTest - Execution testing case of create employee with invalid salary
2025-01-11 02:13:14 INFO  c.r.api.config.LoggingInterceptor - Incoming Request: POST /
2025-01-11 02:13:14 INFO  c.r.a.s.impl.EmployeeServiceImpl - EmployeeInput :{name=, salary=1000000, title=Senior Software Engineer, age=26}
2025-01-11 02:13:14 ERROR c.r.a.e.handler.ApiExceptionHandler - HttpStatusCodeException handling web request.
org.springframework.web.client.HttpServerErrorException$InternalServerError: 500 : "{"status":"Failed to process request.","error":"Validation failed for argument [0] in public com.reliaquest.server.model.Response<com.reliaquest.server.model.MockEmployee> com.reliaquest.server.controller.MockEmployeeController.createEmployee(com.reliaquest.server.model.CreateMockEmployeeInput): [Field error in object 'createMockEmployeeInput' on field 'name': rejected value []; codes [NotBlank.createMockEmployeeInput.name,NotBlank.name,NotBlank.java.lang.String,NotBlank]; arguments [org.springframework.context.support.DefaultMessageSourceResolvable: codes [createMockEmployeeInput.name,name]; arguments []; default message [name]]; default message [must not be blank]] "}"
	at org.springframework.web.client.HttpServerErrorException.create(HttpServerErrorException.java:102)
	at org.springframework.web.client.DefaultResponseErrorHandler.handleError(DefaultResponseErrorHandler.java:186)
	at org.springframework.web.client.DefaultResponseErrorHandler.handleError(DefaultResponseErrorHandler.java:137)
	at org.springframework.web.client.ResponseErrorHandler.handleError(ResponseErrorHandler.java:63)
	at org.springframework.web.client.RestTemplate.handleResponse(RestTemplate.java:942)
	at org.springframework.web.client.RestTemplate.doExecute(RestTemplate.java:891)
	at org.springframework.web.client.RestTemplate.execute(RestTemplate.java:790)
	at org.springframework.web.client.RestTemplate.postForEntity(RestTemplate.java:538)
	at com.reliaquest.api.service.impl.EmployeeServiceImpl.createEmployee(EmployeeServiceImpl.java:110)
	at com.reliaquest.api.controller.impl.EmployeeControllerImpl.createEmployee(EmployeeControllerImpl.java:70)
	at java.base/jdk.internal.reflect.NativeMethodAccessorImpl.invoke0(Native Method)
	at java.base/jdk.internal.reflect.NativeMethodAccessorImpl.invoke(NativeMethodAccessorImpl.java:77)
	at java.base/jdk.internal.reflect.DelegatingMethodAccessorImpl.invoke(DelegatingMethodAccessorImpl.java:43)
	at java.base/java.lang.reflect.Method.invoke(Method.java:569)
	at org.springframework.web.method.support.InvocableHandlerMethod.doInvoke(InvocableHandlerMethod.java:255)
	at org.springframework.web.method.support.InvocableHandlerMethod.invokeForRequest(InvocableHandlerMethod.java:188)
	at org.springframework.web.servlet.mvc.method.annotation.ServletInvocableHandlerMethod.invokeAndHandle(ServletInvocableHandlerMethod.java:118)
	at org.springframework.web.servlet.mvc.method.annotation.RequestMappingHandlerAdapter.invokeHandlerMethod(RequestMappingHandlerAdapter.java:926)
	at org.springframework.web.servlet.mvc.method.annotation.RequestMappingHandlerAdapter.handleInternal(RequestMappingHandlerAdapter.java:831)
	at org.springframework.web.servlet.mvc.method.AbstractHandlerMethodAdapter.handle(AbstractHandlerMethodAdapter.java:87)
	at org.springframework.web.servlet.DispatcherServlet.doDispatch(DispatcherServlet.java:1089)
	at org.springframework.web.servlet.DispatcherServlet.doService(DispatcherServlet.java:979)
	at org.springframework.web.servlet.FrameworkServlet.processRequest(FrameworkServlet.java:1014)
	at org.springframework.web.servlet.FrameworkServlet.doPost(FrameworkServlet.java:914)
	at jakarta.servlet.http.HttpServlet.service(HttpServlet.java:590)
	at org.springframework.web.servlet.FrameworkServlet.service(FrameworkServlet.java:885)
	at org.springframework.test.web.servlet.TestDispatcherServlet.service(TestDispatcherServlet.java:72)
	at jakarta.servlet.http.HttpServlet.service(HttpServlet.java:658)
	at org.springframework.mock.web.MockFilterChain$ServletFilterProxy.doFilter(MockFilterChain.java:165)
	at org.springframework.mock.web.MockFilterChain.doFilter(MockFilterChain.java:132)
	at org.springframework.web.filter.RequestContextFilter.doFilterInternal(RequestContextFilter.java:100)
	at org.springframework.web.filter.OncePerRequestFilter.doFilter(OncePerRequestFilter.java:116)
	at org.springframework.test.web.servlet.setup.MockMvcFilterDecorator.doFilter(MockMvcFilterDecorator.java:151)
	at org.springframework.mock.web.MockFilterChain.doFilter(MockFilterChain.java:132)
	at org.springframework.web.filter.FormContentFilter.doFilterInternal(FormContentFilter.java:93)
	at org.springframework.web.filter.OncePerRequestFilter.doFilter(OncePerRequestFilter.java:116)
	at org.springframework.test.web.servlet.setup.MockMvcFilterDecorator.doFilter(MockMvcFilterDecorator.java:151)
	at org.springframework.mock.web.MockFilterChain.doFilter(MockFilterChain.java:132)
	at org.springframework.web.filter.CharacterEncodingFilter.doFilterInternal(CharacterEncodingFilter.java:201)
	at org.springframework.web.filter.OncePerRequestFilter.doFilter(OncePerRequestFilter.java:116)
	at org.springframework.test.web.servlet.setup.MockMvcFilterDecorator.doFilter(MockMvcFilterDecorator.java:151)
	at org.springframework.mock.web.MockFilterChain.doFilter(MockFilterChain.java:132)
	at org.springframework.test.web.servlet.MockMvc.perform(MockMvc.java:201)
	at com.reliaquest.api.ApiIntegrationTest.CreateEmployeeWithInvalidName(ApiIntegrationTest.java:134)
	at java.base/jdk.internal.reflect.NativeMethodAccessorImpl.invoke0(Native Method)
	at java.base/jdk.internal.reflect.NativeMethodAccessorImpl.invoke(NativeMethodAccessorImpl.java:77)
	at java.base/jdk.internal.reflect.DelegatingMethodAccessorImpl.invoke(DelegatingMethodAccessorImpl.java:43)
	at java.base/java.lang.reflect.Method.invoke(Method.java:569)
	at org.junit.platform.commons.util.ReflectionUtils.invokeMethod(ReflectionUtils.java:728)
	at org.junit.jupiter.engine.execution.MethodInvocation.proceed(MethodInvocation.java:60)
	at org.junit.jupiter.engine.execution.InvocationInterceptorChain$ValidatingInvocation.proceed(InvocationInterceptorChain.java:131)
	at org.junit.jupiter.engine.extension.TimeoutExtension.intercept(TimeoutExtension.java:156)
	at org.junit.jupiter.engine.extension.TimeoutExtension.interceptTestableMethod(TimeoutExtension.java:147)
	at org.junit.jupiter.engine.extension.TimeoutExtension.interceptTestMethod(TimeoutExtension.java:86)
	at org.junit.jupiter.engine.execution.InterceptingExecutableInvoker$ReflectiveInterceptorCall.lambda$ofVoidMethod$0(InterceptingExecutableInvoker.java:103)
	at org.junit.jupiter.engine.execution.InterceptingExecutableInvoker.lambda$invoke$0(InterceptingExecutableInvoker.java:93)
	at org.junit.jupiter.engine.execution.InvocationInterceptorChain$InterceptedInvocation.proceed(InvocationInterceptorChain.java:106)
	at org.junit.jupiter.engine.execution.InvocationInterceptorChain.proceed(InvocationInterceptorChain.java:64)
	at org.junit.jupiter.engine.execution.InvocationInterceptorChain.chainAndInvoke(InvocationInterceptorChain.java:45)
	at org.junit.jupiter.engine.execution.InvocationInterceptorChain.invoke(InvocationInterceptorChain.java:37)
	at org.junit.jupiter.engine.execution.InterceptingExecutableInvoker.invoke(InterceptingExecutableInvoker.java:92)
	at org.junit.jupiter.engine.execution.InterceptingExecutableInvoker.invoke(InterceptingExecutableInvoker.java:86)
	at org.junit.jupiter.engine.descriptor.TestMethodTestDescriptor.lambda$invokeTestMethod$7(TestMethodTestDescriptor.java:218)
	at org.junit.platform.engine.support.hierarchical.ThrowableCollector.execute(ThrowableCollector.java:73)
	at org.junit.jupiter.engine.descriptor.TestMethodTestDescriptor.invokeTestMethod(TestMethodTestDescriptor.java:214)
	at org.junit.jupiter.engine.descriptor.TestMethodTestDescriptor.execute(TestMethodTestDescriptor.java:139)
	at org.junit.jupiter.engine.descriptor.TestMethodTestDescriptor.execute(TestMethodTestDescriptor.java:69)
	at org.junit.platform.engine.support.hierarchical.NodeTestTask.lambda$executeRecursively$6(NodeTestTask.java:151)
	at org.junit.platform.engine.support.hierarchical.ThrowableCollector.execute(ThrowableCollector.java:73)
	at org.junit.platform.engine.support.hierarchical.NodeTestTask.lambda$executeRecursively$8(NodeTestTask.java:141)
	at org.junit.platform.engine.support.hierarchical.Node.around(Node.java:137)
	at org.junit.platform.engine.support.hierarchical.NodeTestTask.lambda$executeRecursively$9(NodeTestTask.java:139)
	at org.junit.platform.engine.support.hierarchical.ThrowableCollector.execute(ThrowableCollector.java:73)
	at org.junit.platform.engine.support.hierarchical.NodeTestTask.executeRecursively(NodeTestTask.java:138)
	at org.junit.platform.engine.support.hierarchical.NodeTestTask.execute(NodeTestTask.java:95)
	at java.base/java.util.ArrayList.forEach(ArrayList.java:1511)
	at org.junit.platform.engine.support.hierarchical.SameThreadHierarchicalTestExecutorService.invokeAll(SameThreadHierarchicalTestExecutorService.java:41)
	at org.junit.platform.engine.support.hierarchical.NodeTestTask.lambda$executeRecursively$6(NodeTestTask.java:155)
	at org.junit.platform.engine.support.hierarchical.ThrowableCollector.execute(ThrowableCollector.java:73)
	at org.junit.platform.engine.support.hierarchical.NodeTestTask.lambda$executeRecursively$8(NodeTestTask.java:141)
	at org.junit.platform.engine.support.hierarchical.Node.around(Node.java:137)
	at org.junit.platform.engine.support.hierarchical.NodeTestTask.lambda$executeRecursively$9(NodeTestTask.java:139)
	at org.junit.platform.engine.support.hierarchical.ThrowableCollector.execute(ThrowableCollector.java:73)
	at org.junit.platform.engine.support.hierarchical.NodeTestTask.executeRecursively(NodeTestTask.java:138)
	at org.junit.platform.engine.support.hierarchical.NodeTestTask.execute(NodeTestTask.java:95)
	at java.base/java.util.ArrayList.forEach(ArrayList.java:1511)
	at org.junit.platform.engine.support.hierarchical.SameThreadHierarchicalTestExecutorService.invokeAll(SameThreadHierarchicalTestExecutorService.java:41)
	at org.junit.platform.engine.support.hierarchical.NodeTestTask.lambda$executeRecursively$6(NodeTestTask.java:155)
	at org.junit.platform.engine.support.hierarchical.ThrowableCollector.execute(ThrowableCollector.java:73)
	at org.junit.platform.engine.support.hierarchical.NodeTestTask.lambda$executeRecursively$8(NodeTestTask.java:141)
	at org.junit.platform.engine.support.hierarchical.Node.around(Node.java:137)
	at org.junit.platform.engine.support.hierarchical.NodeTestTask.lambda$executeRecursively$9(NodeTestTask.java:139)
	at org.junit.platform.engine.support.hierarchical.ThrowableCollector.execute(ThrowableCollector.java:73)
	at org.junit.platform.engine.support.hierarchical.NodeTestTask.executeRecursively(NodeTestTask.java:138)
	at org.junit.platform.engine.support.hierarchical.NodeTestTask.execute(NodeTestTask.java:95)
	at org.junit.platform.engine.support.hierarchical.SameThreadHierarchicalTestExecutorService.submit(SameThreadHierarchicalTestExecutorService.java:35)
	at org.junit.platform.engine.support.hierarchical.HierarchicalTestExecutor.execute(HierarchicalTestExecutor.java:57)
	at org.junit.platform.engine.support.hierarchical.HierarchicalTestEngine.execute(HierarchicalTestEngine.java:54)
	at org.junit.platform.launcher.core.EngineExecutionOrchestrator.execute(EngineExecutionOrchestrator.java:107)
	at org.junit.platform.launcher.core.EngineExecutionOrchestrator.execute(EngineExecutionOrchestrator.java:88)
	at org.junit.platform.launcher.core.EngineExecutionOrchestrator.lambda$execute$0(EngineExecutionOrchestrator.java:54)
	at org.junit.platform.launcher.core.EngineExecutionOrchestrator.withInterceptedStreams(EngineExecutionOrchestrator.java:67)
	at org.junit.platform.launcher.core.EngineExecutionOrchestrator.execute(EngineExecutionOrchestrator.java:52)
	at org.junit.platform.launcher.core.DefaultLauncher.execute(DefaultLauncher.java:114)
	at org.junit.platform.launcher.core.DefaultLauncher.execute(DefaultLauncher.java:86)
	at org.junit.platform.launcher.core.DefaultLauncherSession$DelegatingLauncher.execute(DefaultLauncherSession.java:86)
	at org.gradle.api.internal.tasks.testing.junitplatform.JUnitPlatformTestClassProcessor$CollectAllTestClassesExecutor.processAllTestClasses(JUnitPlatformTestClassProcessor.java:124)
	at org.gradle.api.internal.tasks.testing.junitplatform.JUnitPlatformTestClassProcessor$CollectAllTestClassesExecutor.access$000(JUnitPlatformTestClassProcessor.java:99)
	at org.gradle.api.internal.tasks.testing.junitplatform.JUnitPlatformTestClassProcessor.stop(JUnitPlatformTestClassProcessor.java:94)
	at org.gradle.api.internal.tasks.testing.SuiteTestClassProcessor.stop(SuiteTestClassProcessor.java:63)
	at java.base/jdk.internal.reflect.NativeMethodAccessorImpl.invoke0(Native Method)
	at java.base/jdk.internal.reflect.NativeMethodAccessorImpl.invoke(NativeMethodAccessorImpl.java:77)
	at java.base/jdk.internal.reflect.DelegatingMethodAccessorImpl.invoke(DelegatingMethodAccessorImpl.java:43)
	at java.base/java.lang.reflect.Method.invoke(Method.java:569)
	at org.gradle.internal.dispatch.ReflectionDispatch.dispatch(ReflectionDispatch.java:36)
	at org.gradle.internal.dispatch.ReflectionDispatch.dispatch(ReflectionDispatch.java:24)
	at org.gradle.internal.dispatch.ContextClassLoaderDispatch.dispatch(ContextClassLoaderDispatch.java:33)
	at org.gradle.internal.dispatch.ProxyDispatchAdapter$DispatchingInvocationHandler.invoke(ProxyDispatchAdapter.java:92)
	at jdk.proxy1/jdk.proxy1.$Proxy4.stop(Unknown Source)
	at org.gradle.api.internal.tasks.testing.worker.TestWorker$3.run(TestWorker.java:200)
	at org.gradle.api.internal.tasks.testing.worker.TestWorker.executeAndMaintainThreadName(TestWorker.java:132)
	at org.gradle.api.internal.tasks.testing.worker.TestWorker.execute(TestWorker.java:103)
	at org.gradle.api.internal.tasks.testing.worker.TestWorker.execute(TestWorker.java:63)
	at org.gradle.process.internal.worker.child.ActionExecutionWorker.execute(ActionExecutionWorker.java:56)
	at org.gradle.process.internal.worker.child.SystemApplicationClassLoaderWorker.call(SystemApplicationClassLoaderWorker.java:121)
	at org.gradle.process.internal.worker.child.SystemApplicationClassLoaderWorker.call(SystemApplicationClassLoaderWorker.java:71)
	at worker.org.gradle.process.internal.worker.GradleWorkerMain.run(GradleWorkerMain.java:69)
	at worker.org.gradle.process.internal.worker.GradleWorkerMain.main(GradleWorkerMain.java:74)
2025-01-11 02:13:14 INFO  c.r.api.config.LoggingInterceptor - Outgoing Response: / completed in 120 ms
2025-01-11 02:13:14 INFO  c.reliaquest.api.ApiApplicationTest - Result received as :org.springframework.test.web.servlet.DefaultMvcResult@152891f8 ,500
2025-01-11 02:13:14 INFO  c.reliaquest.api.ApiApplicationTest - Executing testing case of top ten highest earning employees
2025-01-11 02:13:14 INFO  c.r.api.config.LoggingInterceptor - Incoming Request: GET /topTenHighestEarningEmployeeNames
2025-01-11 02:13:14 INFO  c.r.a.s.impl.EmployeeServiceImpl - Making API call to server, to get EmployeeList 
2025-01-11 02:13:14 INFO  c.r.api.config.LoggingInterceptor - Outgoing Response: /topTenHighestEarningEmployeeNames completed in 17 ms
2025-01-11 02:13:14 INFO  c.reliaquest.api.ApiApplicationTest - Result received as result:org.springframework.test.web.servlet.DefaultMvcResult@24de63b status:200
2025-01-11 02:13:14 INFO  c.reliaquest.api.ApiApplicationTest - Executing testing case of getting highest salary
2025-01-11 02:13:14 INFO  c.r.api.config.LoggingInterceptor - Incoming Request: GET /highestSalary
2025-01-11 02:13:14 INFO  c.r.a.s.impl.EmployeeServiceImpl - Getting list of Employees :[EmployeeObj(id=996280cb-9595-4c09-8330-4ff1f3c4aeb6, employeeName=Hai Fahey, employeeSalary=401221, employeeAge=21, employeeTitle=Product Technology Producer, employeeEmail=tututulip@company.com), EmployeeObj(id=04df0630-ee05-452c-b97a-636423d30b62, employeeName=Shemeka Collier, employeeSalary=152088, employeeAge=17, employeeTitle=Customer Retail Technician, employeeEmail=cardify@company.com), EmployeeObj(id=ebb3058c-48e4-4b59-9c23-8f9a05c67d03, employeeName=Jamika Cruickshank DVM, employeeSalary=49566, employeeAge=53, employeeTitle=Direct Analyst, employeeEmail=andalax@company.com), EmployeeObj(id=fe51ae66-63d4-4d48-8afc-e225099900f1, employeeName=Mr. Bart Cartwright, employeeSalary=487634, employeeAge=65, employeeTitle=Administration Assistant, employeeEmail=bamity@company.com), EmployeeObj(id=8689a0bb-05c8-48e1-beb8-b1f7d559cbf5, employeeName=Merri Braun Sr., employeeSalary=188988, employeeAge=66, employeeTitle=Customer Healthcare Engineer, employeeEmail=alphazap@company.com), EmployeeObj(id=8587b533-004a-4456-a4fc-5d98e0b2ff62, employeeName=Irving Krajcik, employeeSalary=130808, employeeAge=25, employeeTitle=Banking Administrator, employeeEmail=konklab@company.com), EmployeeObj(id=3a881087-0b4d-4c5a-bd65-615d574877ee, employeeName=Grayce Lebsack, employeeSalary=441346, employeeAge=55, employeeTitle=Forward Healthcare Specialist, employeeEmail=blade_runnerz@company.com), EmployeeObj(id=cd0833f0-416b-4f8c-b086-453f069d39cc, employeeName=Owen Murray, employeeSalary=65774, employeeAge=48, employeeTitle=Education Coordinator, employeeEmail=fat_kyle@company.com), EmployeeObj(id=ff13b32a-8875-4329-9fd6-5a7ce54fc901, employeeName=Nolan Senger Sr., employeeSalary=392108, employeeAge=43, employeeTitle=Legacy Farming Producer, employeeEmail=mcshayne@company.com), EmployeeObj(id=c1ccc03b-42e5-4ccf-8de0-b2f78f4e247c, employeeName=Cris Koepp III, employeeSalary=252259, employeeAge=33, employeeTitle=Advertising Producer, employeeEmail=keylex@company.com), EmployeeObj(id=c789908a-d9e9-4759-a4aa-a548a1f2f823, employeeName=Rayford Wolf DVM, employeeSalary=257166, employeeAge=69, employeeTitle=Lead Administrator, employeeEmail=alphazap@company.com), EmployeeObj(id=e3075562-86fe-421c-94aa-b25f06900502, employeeName=Mrs. Precious Ondricka, employeeSalary=42772, employeeAge=47, employeeTitle=Farming Planner, employeeEmail=hatity@company.com), EmployeeObj(id=28a1b40c-1fe0-4f54-98a6-122e36812d03, employeeName=Lane Bergstrom, employeeSalary=247119, employeeAge=59, employeeTitle=District Agent, employeeEmail=mcshayne@company.com), EmployeeObj(id=99fd620b-d8e8-4032-aeb9-75d8ccbc8025, employeeName=Deborah Smith, employeeSalary=407223, employeeAge=29, employeeTitle=Banking Supervisor, employeeEmail=lotlux@company.com), EmployeeObj(id=ed2b4268-49f5-4e34-8be0-1ca8fd4f59db, employeeName=Magaly Durgan, employeeSalary=87197, employeeAge=45, employeeTitle=Hospitality Representative, employeeEmail=lotstring@company.com), EmployeeObj(id=6d51491d-5c7e-470c-a6bf-e88e15c3fe9b, employeeName=Analisa Stokes, employeeSalary=213915, employeeAge=64, employeeTitle=International Legal Manager, employeeEmail=lotstring@company.com), EmployeeObj(id=7fbca2f3-7d70-4f9f-b7fe-2ba9425e2531, employeeName=Markita Crooks IV, employeeSalary=449710, employeeAge=59, employeeTitle=Legacy Manufacturing Administrator, employeeEmail=northernlightz@company.com), EmployeeObj(id=664837e8-75b2-4e6a-8672-2928a12bd594, employeeName=Wallace Orn V, employeeSalary=35175, employeeAge=55, employeeTitle=Banking Developer, employeeEmail=stim@company.com), EmployeeObj(id=ba4d85b9-f87a-4b15-b2ae-78185dc3e45c, employeeName=Dr. Octavio Reynolds, employeeSalary=492067, employeeAge=57, employeeTitle=Education Technician, employeeEmail=duobam@company.com), EmployeeObj(id=26eac399-3fa2-41de-ad7f-42e80eed2c7e, employeeName=Vicenta Mraz, employeeSalary=426743, employeeAge=50, employeeTitle=IT Executive, employeeEmail=xxxdirtydanxxx@company.com), EmployeeObj(id=a1db5870-61bb-40db-8467-894c5ec4fc5d, employeeName=Marybelle Daugherty, employeeSalary=307709, employeeAge=33, employeeTitle=Investor Sales Specialist, employeeEmail=asoka@company.com), EmployeeObj(id=437406f4-c6bc-4580-8f83-fcc48ae2ec31, employeeName=Sheri Buckridge, employeeSalary=211666, employeeAge=58, employeeTitle=Banking Planner, employeeEmail=fintone@company.com), EmployeeObj(id=78cbb2ec-e6e6-4497-9bcf-6c3dd73a0b15, employeeName=Mr. Flo King, employeeSalary=391738, employeeAge=67, employeeTitle=Mining Liaison, employeeEmail=span@company.com), EmployeeObj(id=33a4911b-a325-4f7c-8fb3-8164f28e8dde, employeeName=Ethan Barton, employeeSalary=296711, employeeAge=29, employeeTitle=National Marketing Analyst, employeeEmail=span@company.com), EmployeeObj(id=21e3c0ad-0f68-4f19-9ff1-ee97af982eda, employeeName=Dane Wisozk, employeeSalary=78854, employeeAge=66, employeeTitle=Technology Officer, employeeEmail=xovictoriaox@company.com), EmployeeObj(id=83cad8b4-e716-4d5a-b625-c3289b909ad8, employeeName=Gisela D'Amore, employeeSalary=452953, employeeAge=46, employeeTitle=Chief Sales Representative, employeeEmail=opela@company.com), EmployeeObj(id=f6964fd1-2825-40d1-9e9d-87a7b6e73372, employeeName=Louis Miller V, employeeSalary=209677, employeeAge=20, employeeTitle=IT Director, employeeEmail=andalax@company.com), EmployeeObj(id=71ee3fc2-0a68-446e-bde3-0b445ce6a4a6, employeeName=Wilbert Weber, employeeSalary=56539, employeeAge=25, employeeTitle=Advertising Producer, employeeEmail=bitwolf@company.com), EmployeeObj(id=afeedccf-4472-4714-a90f-140953e8149e, employeeName=Jay Bosco, employeeSalary=182302, employeeAge=19, employeeTitle=Principal IT Architect, employeeEmail=xxxdirtydanxxx@company.com), EmployeeObj(id=abf852c1-8493-41f3-8f4e-b3aa78893a39, employeeName=Eddie Parker, employeeSalary=57494, employeeAge=34, employeeTitle=Mining Orchestrator, employeeEmail=sonair@company.com), EmployeeObj(id=5ce3234f-7279-4acb-aee9-ad953ada5564, employeeName=Thad Douglas, employeeSalary=159407, employeeAge=29, employeeTitle=Healthcare Agent, employeeEmail=fat_kyle@company.com), EmployeeObj(id=42b46049-1568-4adb-93e0-f9614f328efc, employeeName=Mr. Nickolas Weissnat, employeeSalary=220315, employeeAge=32, employeeTitle=Legacy Agent, employeeEmail=keylex@company.com), EmployeeObj(id=6d584779-9d72-4934-997c-f277cde59971, employeeName=Brendan Reilly Sr., employeeSalary=469683, employeeAge=49, employeeTitle=Direct Representative, employeeEmail=keylex@company.com), EmployeeObj(id=31b5420a-312d-4902-9cf5-c81dbc2fe272, employeeName=Wendell Ratke DDS, employeeSalary=274484, employeeAge=68, employeeTitle=Central Administration Liaison, employeeEmail=cardguard@company.com), EmployeeObj(id=883a51bb-57cd-45f2-80ef-fbe80b51ecaa, employeeName=Mrs. Gregorio Harvey, employeeSalary=202261, employeeAge=52, employeeTitle=Banking Producer, employeeEmail=bamity@company.com), EmployeeObj(id=00c30392-77ca-43f6-b1da-a1190db377c7, employeeName=Pansy Veum, employeeSalary=407124, employeeAge=21, employeeTitle=Technology Associate, employeeEmail=span@company.com), EmployeeObj(id=25a8b7b1-5f40-43b2-a042-541d47fe1e4f, employeeName=Tad Kovacek, employeeSalary=488848, employeeAge=30, employeeTitle=Mining Facilitator, employeeEmail=tickleme_pink@company.com), EmployeeObj(id=583f1959-1f10-4464-839d-cb2706b44462, employeeName=Arron McDermott, employeeSalary=183010, employeeAge=57, employeeTitle=Chief Sales Officer, employeeEmail=xxxdirtydanxxx@company.com), EmployeeObj(id=e1d96322-e50d-4414-997e-d52284604ac1, employeeName=Chi Lesch, employeeSalary=208731, employeeAge=58, employeeTitle=Real-Estate Manager, employeeEmail=sub-ex@company.com), EmployeeObj(id=23a6fd13-5691-4c3c-8892-e91c14953823, employeeName=Ethan Kuphal, employeeSalary=452208, employeeAge=45, employeeTitle=Real-Estate Specialist, employeeEmail=sonsing@company.com), EmployeeObj(id=198c92b8-0864-4931-9032-e2567eb54374, employeeName=Phuong Collins, employeeSalary=52480, employeeAge=20, employeeTitle=Healthcare Designer, employeeEmail=tickleme_pink@company.com), EmployeeObj(id=9c0da595-c53b-4248-8aa3-87217f3aae59, employeeName=Adelia Franecki, employeeSalary=318642, employeeAge=46, employeeTitle=Principal Administration Director, employeeEmail=vagram@company.com), EmployeeObj(id=4e101022-c087-465a-81db-129c647f5ab5, employeeName=Debora Jast, employeeSalary=424359, employeeAge=43, employeeTitle=Lead Retail Executive, employeeEmail=gembucket@company.com), EmployeeObj(id=db4da09e-5cdb-4dfb-9afe-7d55438de9cf, employeeName=Kaylee Kozey, employeeSalary=435811, employeeAge=49, employeeTitle=Government Specialist, employeeEmail=tututulip@company.com), EmployeeObj(id=6598abd0-488e-401f-b03b-45d503c24e8c, employeeName=Cecile Marks, employeeSalary=461237, employeeAge=29, employeeTitle=District Education Developer, employeeEmail=domainer@company.com), EmployeeObj(id=0ef3e559-1ed9-417a-a6c8-0db5c943572c, employeeName=Mr. Sigrid Shanahan, employeeSalary=47942, employeeAge=52, employeeTitle=Government Assistant, employeeEmail=tori_the_taurus@company.com), EmployeeObj(id=2e74d997-7586-468c-8e18-9dd9ef3b8062, employeeName=Heriberto Walsh, employeeSalary=296472, employeeAge=46, employeeTitle=Product Advertising Coordinator, employeeEmail=flexidy@company.com), EmployeeObj(id=bae0c577-a6e5-43f0-b57d-184d85a47e5d, employeeName=Mr. Bert Von, employeeSalary=285320, employeeAge=65, employeeTitle=Administration Administrator, employeeEmail=tempsoft@company.com), EmployeeObj(id=89e717ee-dcd2-44c1-a5f0-79a9d0329f51, employeeName=Petrina Haag, employeeSalary=106924, employeeAge=61, employeeTitle=Product Engineer, employeeEmail=magik_mike@company.com), EmployeeObj(id=9b294ac6-8c89-4b02-839a-a84ccd303d97, employeeName=Marietta Cartwright, employeeSalary=256243, employeeAge=23, employeeTitle=Manufacturing Administrator, employeeEmail=holdlamis@company.com), EmployeeObj(id=d7827bc2-d33a-4ee2-9443-b67e8cf8a498, employeeName=Rushikesh, employeeSalary=1000000, employeeAge=26, employeeTitle=Senior Software Engineer, employeeEmail=omg_its_laura@company.com)] 
2025-01-11 02:13:14 INFO  c.r.api.config.LoggingInterceptor - Outgoing Response: /highestSalary completed in 3 ms
2025-01-11 02:13:14 INFO  c.reliaquest.api.ApiApplicationTest - Result received as result:org.springframework.test.web.servlet.DefaultMvcResult@645d4639 status:200
2025-01-11 02:13:14 INFO  c.r.api.config.LoggingInterceptor - Incoming Request: GET /
2025-01-11 02:13:14 INFO  c.r.a.c.impl.EmployeeControllerImpl - Retrieving all employees
2025-01-11 02:13:14 INFO  c.r.api.config.LoggingInterceptor - Outgoing Response: / completed in 20 ms
2025-01-11 02:13:14 INFO  c.reliaquest.api.ApiApplicationTest - Result received as result:org.springframework.test.web.servlet.DefaultMvcResult@2a6dbb7c status:200
2025-01-11 02:13:14 INFO  c.reliaquest.api.ApiApplicationTest - Execution testing case of create employee with invalid age
2025-01-11 02:13:14 INFO  c.r.api.config.LoggingInterceptor - Incoming Request: POST /
2025-01-11 02:13:14 INFO  c.r.a.s.impl.EmployeeServiceImpl - EmployeeInput :{name=Rushikesh, salary=1000000, title=Senior Software Engineer, age=14}
2025-01-11 02:13:14 ERROR c.r.a.e.handler.ApiExceptionHandler - HttpStatusCodeException handling web request.
org.springframework.web.client.HttpServerErrorException$InternalServerError: 500 : "{"status":"Failed to process request.","error":"Validation failed for argument [0] in public com.reliaquest.server.model.Response<com.reliaquest.server.model.MockEmployee> com.reliaquest.server.controller.MockEmployeeController.createEmployee(com.reliaquest.server.model.CreateMockEmployeeInput): [Field error in object 'createMockEmployeeInput' on field 'age': rejected value [14]; codes [Min.createMockEmployeeInput.age,Min.age,Min.java.lang.Integer,Min]; arguments [org.springframework.context.support.DefaultMessageSourceResolvable: codes [createMockEmployeeInput.age,age]; arguments []; default message [age],16]; default message [must be greater than or equal to 16]] "}"
	at org.springframework.web.client.HttpServerErrorException.create(HttpServerErrorException.java:102)
	at org.springframework.web.client.DefaultResponseErrorHandler.handleError(DefaultResponseErrorHandler.java:186)
	at org.springframework.web.client.DefaultResponseErrorHandler.handleError(DefaultResponseErrorHandler.java:137)
	at org.springframework.web.client.ResponseErrorHandler.handleError(ResponseErrorHandler.java:63)
	at org.springframework.web.client.RestTemplate.handleResponse(RestTemplate.java:942)
	at org.springframework.web.client.RestTemplate.doExecute(RestTemplate.java:891)
	at org.springframework.web.client.RestTemplate.execute(RestTemplate.java:790)
	at org.springframework.web.client.RestTemplate.postForEntity(RestTemplate.java:538)
	at com.reliaquest.api.service.impl.EmployeeServiceImpl.createEmployee(EmployeeServiceImpl.java:110)
	at com.reliaquest.api.controller.impl.EmployeeControllerImpl.createEmployee(EmployeeControllerImpl.java:70)
	at java.base/jdk.internal.reflect.NativeMethodAccessorImpl.invoke0(Native Method)
	at java.base/jdk.internal.reflect.NativeMethodAccessorImpl.invoke(NativeMethodAccessorImpl.java:77)
	at java.base/jdk.internal.reflect.DelegatingMethodAccessorImpl.invoke(DelegatingMethodAccessorImpl.java:43)
	at java.base/java.lang.reflect.Method.invoke(Method.java:569)
	at org.springframework.web.method.support.InvocableHandlerMethod.doInvoke(InvocableHandlerMethod.java:255)
	at org.springframework.web.method.support.InvocableHandlerMethod.invokeForRequest(InvocableHandlerMethod.java:188)
	at org.springframework.web.servlet.mvc.method.annotation.ServletInvocableHandlerMethod.invokeAndHandle(ServletInvocableHandlerMethod.java:118)
	at org.springframework.web.servlet.mvc.method.annotation.RequestMappingHandlerAdapter.invokeHandlerMethod(RequestMappingHandlerAdapter.java:926)
	at org.springframework.web.servlet.mvc.method.annotation.RequestMappingHandlerAdapter.handleInternal(RequestMappingHandlerAdapter.java:831)
	at org.springframework.web.servlet.mvc.method.AbstractHandlerMethodAdapter.handle(AbstractHandlerMethodAdapter.java:87)
	at org.springframework.web.servlet.DispatcherServlet.doDispatch(DispatcherServlet.java:1089)
	at org.springframework.web.servlet.DispatcherServlet.doService(DispatcherServlet.java:979)
	at org.springframework.web.servlet.FrameworkServlet.processRequest(FrameworkServlet.java:1014)
	at org.springframework.web.servlet.FrameworkServlet.doPost(FrameworkServlet.java:914)
	at jakarta.servlet.http.HttpServlet.service(HttpServlet.java:590)
	at org.springframework.web.servlet.FrameworkServlet.service(FrameworkServlet.java:885)
	at org.springframework.test.web.servlet.TestDispatcherServlet.service(TestDispatcherServlet.java:72)
	at jakarta.servlet.http.HttpServlet.service(HttpServlet.java:658)
	at org.springframework.mock.web.MockFilterChain$ServletFilterProxy.doFilter(MockFilterChain.java:165)
	at org.springframework.mock.web.MockFilterChain.doFilter(MockFilterChain.java:132)
	at org.springframework.web.filter.RequestContextFilter.doFilterInternal(RequestContextFilter.java:100)
	at org.springframework.web.filter.OncePerRequestFilter.doFilter(OncePerRequestFilter.java:116)
	at org.springframework.test.web.servlet.setup.MockMvcFilterDecorator.doFilter(MockMvcFilterDecorator.java:151)
	at org.springframework.mock.web.MockFilterChain.doFilter(MockFilterChain.java:132)
	at org.springframework.web.filter.FormContentFilter.doFilterInternal(FormContentFilter.java:93)
	at org.springframework.web.filter.OncePerRequestFilter.doFilter(OncePerRequestFilter.java:116)
	at org.springframework.test.web.servlet.setup.MockMvcFilterDecorator.doFilter(MockMvcFilterDecorator.java:151)
	at org.springframework.mock.web.MockFilterChain.doFilter(MockFilterChain.java:132)
	at org.springframework.web.filter.CharacterEncodingFilter.doFilterInternal(CharacterEncodingFilter.java:201)
	at org.springframework.web.filter.OncePerRequestFilter.doFilter(OncePerRequestFilter.java:116)
	at org.springframework.test.web.servlet.setup.MockMvcFilterDecorator.doFilter(MockMvcFilterDecorator.java:151)
	at org.springframework.mock.web.MockFilterChain.doFilter(MockFilterChain.java:132)
	at org.springframework.test.web.servlet.MockMvc.perform(MockMvc.java:201)
	at com.reliaquest.api.ApiIntegrationTest.CreateEmployeeWithInvalidAge(ApiIntegrationTest.java:94)
	at java.base/jdk.internal.reflect.NativeMethodAccessorImpl.invoke0(Native Method)
	at java.base/jdk.internal.reflect.NativeMethodAccessorImpl.invoke(NativeMethodAccessorImpl.java:77)
	at java.base/jdk.internal.reflect.DelegatingMethodAccessorImpl.invoke(DelegatingMethodAccessorImpl.java:43)
	at java.base/java.lang.reflect.Method.invoke(Method.java:569)
	at org.junit.platform.commons.util.ReflectionUtils.invokeMethod(ReflectionUtils.java:728)
	at org.junit.jupiter.engine.execution.MethodInvocation.proceed(MethodInvocation.java:60)
	at org.junit.jupiter.engine.execution.InvocationInterceptorChain$ValidatingInvocation.proceed(InvocationInterceptorChain.java:131)
	at org.junit.jupiter.engine.extension.TimeoutExtension.intercept(TimeoutExtension.java:156)
	at org.junit.jupiter.engine.extension.TimeoutExtension.interceptTestableMethod(TimeoutExtension.java:147)
	at org.junit.jupiter.engine.extension.TimeoutExtension.interceptTestMethod(TimeoutExtension.java:86)
	at org.junit.jupiter.engine.execution.InterceptingExecutableInvoker$ReflectiveInterceptorCall.lambda$ofVoidMethod$0(InterceptingExecutableInvoker.java:103)
	at org.junit.jupiter.engine.execution.InterceptingExecutableInvoker.lambda$invoke$0(InterceptingExecutableInvoker.java:93)
	at org.junit.jupiter.engine.execution.InvocationInterceptorChain$InterceptedInvocation.proceed(InvocationInterceptorChain.java:106)
	at org.junit.jupiter.engine.execution.InvocationInterceptorChain.proceed(InvocationInterceptorChain.java:64)
	at org.junit.jupiter.engine.execution.InvocationInterceptorChain.chainAndInvoke(InvocationInterceptorChain.java:45)
	at org.junit.jupiter.engine.execution.InvocationInterceptorChain.invoke(InvocationInterceptorChain.java:37)
	at org.junit.jupiter.engine.execution.InterceptingExecutableInvoker.invoke(InterceptingExecutableInvoker.java:92)
	at org.junit.jupiter.engine.execution.InterceptingExecutableInvoker.invoke(InterceptingExecutableInvoker.java:86)
	at org.junit.jupiter.engine.descriptor.TestMethodTestDescriptor.lambda$invokeTestMethod$7(TestMethodTestDescriptor.java:218)
	at org.junit.platform.engine.support.hierarchical.ThrowableCollector.execute(ThrowableCollector.java:73)
	at org.junit.jupiter.engine.descriptor.TestMethodTestDescriptor.invokeTestMethod(TestMethodTestDescriptor.java:214)
	at org.junit.jupiter.engine.descriptor.TestMethodTestDescriptor.execute(TestMethodTestDescriptor.java:139)
	at org.junit.jupiter.engine.descriptor.TestMethodTestDescriptor.execute(TestMethodTestDescriptor.java:69)
	at org.junit.platform.engine.support.hierarchical.NodeTestTask.lambda$executeRecursively$6(NodeTestTask.java:151)
	at org.junit.platform.engine.support.hierarchical.ThrowableCollector.execute(ThrowableCollector.java:73)
	at org.junit.platform.engine.support.hierarchical.NodeTestTask.lambda$executeRecursively$8(NodeTestTask.java:141)
	at org.junit.platform.engine.support.hierarchical.Node.around(Node.java:137)
	at org.junit.platform.engine.support.hierarchical.NodeTestTask.lambda$executeRecursively$9(NodeTestTask.java:139)
	at org.junit.platform.engine.support.hierarchical.ThrowableCollector.execute(ThrowableCollector.java:73)
	at org.junit.platform.engine.support.hierarchical.NodeTestTask.executeRecursively(NodeTestTask.java:138)
	at org.junit.platform.engine.support.hierarchical.NodeTestTask.execute(NodeTestTask.java:95)
	at java.base/java.util.ArrayList.forEach(ArrayList.java:1511)
	at org.junit.platform.engine.support.hierarchical.SameThreadHierarchicalTestExecutorService.invokeAll(SameThreadHierarchicalTestExecutorService.java:41)
	at org.junit.platform.engine.support.hierarchical.NodeTestTask.lambda$executeRecursively$6(NodeTestTask.java:155)
	at org.junit.platform.engine.support.hierarchical.ThrowableCollector.execute(ThrowableCollector.java:73)
	at org.junit.platform.engine.support.hierarchical.NodeTestTask.lambda$executeRecursively$8(NodeTestTask.java:141)
	at org.junit.platform.engine.support.hierarchical.Node.around(Node.java:137)
	at org.junit.platform.engine.support.hierarchical.NodeTestTask.lambda$executeRecursively$9(NodeTestTask.java:139)
	at org.junit.platform.engine.support.hierarchical.ThrowableCollector.execute(ThrowableCollector.java:73)
	at org.junit.platform.engine.support.hierarchical.NodeTestTask.executeRecursively(NodeTestTask.java:138)
	at org.junit.platform.engine.support.hierarchical.NodeTestTask.execute(NodeTestTask.java:95)
	at java.base/java.util.ArrayList.forEach(ArrayList.java:1511)
	at org.junit.platform.engine.support.hierarchical.SameThreadHierarchicalTestExecutorService.invokeAll(SameThreadHierarchicalTestExecutorService.java:41)
	at org.junit.platform.engine.support.hierarchical.NodeTestTask.lambda$executeRecursively$6(NodeTestTask.java:155)
	at org.junit.platform.engine.support.hierarchical.ThrowableCollector.execute(ThrowableCollector.java:73)
	at org.junit.platform.engine.support.hierarchical.NodeTestTask.lambda$executeRecursively$8(NodeTestTask.java:141)
	at org.junit.platform.engine.support.hierarchical.Node.around(Node.java:137)
	at org.junit.platform.engine.support.hierarchical.NodeTestTask.lambda$executeRecursively$9(NodeTestTask.java:139)
	at org.junit.platform.engine.support.hierarchical.ThrowableCollector.execute(ThrowableCollector.java:73)
	at org.junit.platform.engine.support.hierarchical.NodeTestTask.executeRecursively(NodeTestTask.java:138)
	at org.junit.platform.engine.support.hierarchical.NodeTestTask.execute(NodeTestTask.java:95)
	at org.junit.platform.engine.support.hierarchical.SameThreadHierarchicalTestExecutorService.submit(SameThreadHierarchicalTestExecutorService.java:35)
	at org.junit.platform.engine.support.hierarchical.HierarchicalTestExecutor.execute(HierarchicalTestExecutor.java:57)
	at org.junit.platform.engine.support.hierarchical.HierarchicalTestEngine.execute(HierarchicalTestEngine.java:54)
	at org.junit.platform.launcher.core.EngineExecutionOrchestrator.execute(EngineExecutionOrchestrator.java:107)
	at org.junit.platform.launcher.core.EngineExecutionOrchestrator.execute(EngineExecutionOrchestrator.java:88)
	at org.junit.platform.launcher.core.EngineExecutionOrchestrator.lambda$execute$0(EngineExecutionOrchestrator.java:54)
	at org.junit.platform.launcher.core.EngineExecutionOrchestrator.withInterceptedStreams(EngineExecutionOrchestrator.java:67)
	at org.junit.platform.launcher.core.EngineExecutionOrchestrator.execute(EngineExecutionOrchestrator.java:52)
	at org.junit.platform.launcher.core.DefaultLauncher.execute(DefaultLauncher.java:114)
	at org.junit.platform.launcher.core.DefaultLauncher.execute(DefaultLauncher.java:86)
	at org.junit.platform.launcher.core.DefaultLauncherSession$DelegatingLauncher.execute(DefaultLauncherSession.java:86)
	at org.gradle.api.internal.tasks.testing.junitplatform.JUnitPlatformTestClassProcessor$CollectAllTestClassesExecutor.processAllTestClasses(JUnitPlatformTestClassProcessor.java:124)
	at org.gradle.api.internal.tasks.testing.junitplatform.JUnitPlatformTestClassProcessor$CollectAllTestClassesExecutor.access$000(JUnitPlatformTestClassProcessor.java:99)
	at org.gradle.api.internal.tasks.testing.junitplatform.JUnitPlatformTestClassProcessor.stop(JUnitPlatformTestClassProcessor.java:94)
	at org.gradle.api.internal.tasks.testing.SuiteTestClassProcessor.stop(SuiteTestClassProcessor.java:63)
	at java.base/jdk.internal.reflect.NativeMethodAccessorImpl.invoke0(Native Method)
	at java.base/jdk.internal.reflect.NativeMethodAccessorImpl.invoke(NativeMethodAccessorImpl.java:77)
	at java.base/jdk.internal.reflect.DelegatingMethodAccessorImpl.invoke(DelegatingMethodAccessorImpl.java:43)
	at java.base/java.lang.reflect.Method.invoke(Method.java:569)
	at org.gradle.internal.dispatch.ReflectionDispatch.dispatch(ReflectionDispatch.java:36)
	at org.gradle.internal.dispatch.ReflectionDispatch.dispatch(ReflectionDispatch.java:24)
	at org.gradle.internal.dispatch.ContextClassLoaderDispatch.dispatch(ContextClassLoaderDispatch.java:33)
	at org.gradle.internal.dispatch.ProxyDispatchAdapter$DispatchingInvocationHandler.invoke(ProxyDispatchAdapter.java:92)
	at jdk.proxy1/jdk.proxy1.$Proxy4.stop(Unknown Source)
	at org.gradle.api.internal.tasks.testing.worker.TestWorker$3.run(TestWorker.java:200)
	at org.gradle.api.internal.tasks.testing.worker.TestWorker.executeAndMaintainThreadName(TestWorker.java:132)
	at org.gradle.api.internal.tasks.testing.worker.TestWorker.execute(TestWorker.java:103)
	at org.gradle.api.internal.tasks.testing.worker.TestWorker.execute(TestWorker.java:63)
	at org.gradle.process.internal.worker.child.ActionExecutionWorker.execute(ActionExecutionWorker.java:56)
	at org.gradle.process.internal.worker.child.SystemApplicationClassLoaderWorker.call(SystemApplicationClassLoaderWorker.java:121)
	at org.gradle.process.internal.worker.child.SystemApplicationClassLoaderWorker.call(SystemApplicationClassLoaderWorker.java:71)
	at worker.org.gradle.process.internal.worker.GradleWorkerMain.run(GradleWorkerMain.java:69)
	at worker.org.gradle.process.internal.worker.GradleWorkerMain.main(GradleWorkerMain.java:74)
2025-01-11 02:13:14 INFO  c.r.api.config.LoggingInterceptor - Outgoing Response: / completed in 15 ms
2025-01-11 02:13:14 INFO  c.reliaquest.api.ApiApplicationTest - Result received as :org.springframework.test.web.servlet.DefaultMvcResult@3c89b864 ,500
2025-01-11 02:13:14 INFO  c.r.api.config.LoggingInterceptor - Incoming Request: POST /
2025-01-11 02:13:14 INFO  c.r.a.s.impl.EmployeeServiceImpl - EmployeeInput :{name=Rushikesh, salary=1000000, title=Senior Software Engineer, age=26}
2025-01-11 02:13:14 INFO  c.r.a.s.impl.EmployeeServiceImpl - Employee is created successfully
2025-01-11 02:13:14 INFO  c.r.api.config.LoggingInterceptor - Outgoing Response: / completed in 7 ms
2025-01-11 02:13:14 INFO  c.reliaquest.api.ApiApplicationTest - Result received as result:org.springframework.test.web.servlet.DefaultMvcResult@30a62a5b, status:200
2025-01-11 02:13:14 INFO  c.reliaquest.api.ApiApplicationTest - Execution testing case of delete employee with valid input
2025-01-11 02:13:14 INFO  c.r.api.config.LoggingInterceptor - Incoming Request: GET /d1bfd4ae-1848-49cd-8747-aa4ffff8bddc
2025-01-11 02:13:14 INFO  c.r.api.config.LoggingInterceptor - Outgoing Response: /d1bfd4ae-1848-49cd-8747-aa4ffff8bddc completed in 6 ms
2025-01-11 02:13:14 INFO  c.reliaquest.api.ApiApplicationTest - Result received as :org.springframework.test.web.servlet.DefaultMvcResult@405603b6 status:200
2025-01-11 02:13:14 INFO  c.r.api.config.LoggingInterceptor - Incoming Request: DELETE /d1bfd4ae-1848-49cd-8747-aa4ffff8bddc
2025-01-11 02:13:14 INFO  c.r.a.s.impl.EmployeeServiceImpl - Employee removed from cache :true
2025-01-11 02:13:14 INFO  c.r.a.s.impl.EmployeeServiceImpl - Employee deleted successfully
2025-01-11 02:13:14 INFO  c.r.api.config.LoggingInterceptor - Outgoing Response: /d1bfd4ae-1848-49cd-8747-aa4ffff8bddc completed in 7 ms
2025-01-11 02:13:14 INFO  c.reliaquest.api.ApiApplicationTest - Execution testing case of create employee with invalid salary
2025-01-11 02:13:14 INFO  c.r.api.config.LoggingInterceptor - Incoming Request: POST /
2025-01-11 02:13:14 INFO  c.r.a.s.impl.EmployeeServiceImpl - EmployeeInput :{name=Rushikesh, salary=-1000000, title=Senior Software Engineer, age=26}
2025-01-11 02:13:14 ERROR c.r.a.e.handler.ApiExceptionHandler - HttpStatusCodeException handling web request.
org.springframework.web.client.HttpServerErrorException$InternalServerError: 500 : "{"status":"Failed to process request.","error":"Validation failed for argument [0] in public com.reliaquest.server.model.Response<com.reliaquest.server.model.MockEmployee> com.reliaquest.server.controller.MockEmployeeController.createEmployee(com.reliaquest.server.model.CreateMockEmployeeInput): [Field error in object 'createMockEmployeeInput' on field 'salary': rejected value [-1000000]; codes [Positive.createMockEmployeeInput.salary,Positive.salary,Positive.java.lang.Integer,Positive]; arguments [org.springframework.context.support.DefaultMessageSourceResolvable: codes [createMockEmployeeInput.salary,salary]; arguments []; default message [salary]]; default message [must be greater than 0]] "}"
	at org.springframework.web.client.HttpServerErrorException.create(HttpServerErrorException.java:102)
	at org.springframework.web.client.DefaultResponseErrorHandler.handleError(DefaultResponseErrorHandler.java:186)
	at org.springframework.web.client.DefaultResponseErrorHandler.handleError(DefaultResponseErrorHandler.java:137)
	at org.springframework.web.client.ResponseErrorHandler.handleError(ResponseErrorHandler.java:63)
	at org.springframework.web.client.RestTemplate.handleResponse(RestTemplate.java:942)
	at org.springframework.web.client.RestTemplate.doExecute(RestTemplate.java:891)
	at org.springframework.web.client.RestTemplate.execute(RestTemplate.java:790)
	at org.springframework.web.client.RestTemplate.postForEntity(RestTemplate.java:538)
	at com.reliaquest.api.service.impl.EmployeeServiceImpl.createEmployee(EmployeeServiceImpl.java:110)
	at com.reliaquest.api.controller.impl.EmployeeControllerImpl.createEmployee(EmployeeControllerImpl.java:70)
	at java.base/jdk.internal.reflect.NativeMethodAccessorImpl.invoke0(Native Method)
	at java.base/jdk.internal.reflect.NativeMethodAccessorImpl.invoke(NativeMethodAccessorImpl.java:77)
	at java.base/jdk.internal.reflect.DelegatingMethodAccessorImpl.invoke(DelegatingMethodAccessorImpl.java:43)
	at java.base/java.lang.reflect.Method.invoke(Method.java:569)
	at org.springframework.web.method.support.InvocableHandlerMethod.doInvoke(InvocableHandlerMethod.java:255)
	at org.springframework.web.method.support.InvocableHandlerMethod.invokeForRequest(InvocableHandlerMethod.java:188)
	at org.springframework.web.servlet.mvc.method.annotation.ServletInvocableHandlerMethod.invokeAndHandle(ServletInvocableHandlerMethod.java:118)
	at org.springframework.web.servlet.mvc.method.annotation.RequestMappingHandlerAdapter.invokeHandlerMethod(RequestMappingHandlerAdapter.java:926)
	at org.springframework.web.servlet.mvc.method.annotation.RequestMappingHandlerAdapter.handleInternal(RequestMappingHandlerAdapter.java:831)
	at org.springframework.web.servlet.mvc.method.AbstractHandlerMethodAdapter.handle(AbstractHandlerMethodAdapter.java:87)
	at org.springframework.web.servlet.DispatcherServlet.doDispatch(DispatcherServlet.java:1089)
	at org.springframework.web.servlet.DispatcherServlet.doService(DispatcherServlet.java:979)
	at org.springframework.web.servlet.FrameworkServlet.processRequest(FrameworkServlet.java:1014)
	at org.springframework.web.servlet.FrameworkServlet.doPost(FrameworkServlet.java:914)
	at jakarta.servlet.http.HttpServlet.service(HttpServlet.java:590)
	at org.springframework.web.servlet.FrameworkServlet.service(FrameworkServlet.java:885)
	at org.springframework.test.web.servlet.TestDispatcherServlet.service(TestDispatcherServlet.java:72)
	at jakarta.servlet.http.HttpServlet.service(HttpServlet.java:658)
	at org.springframework.mock.web.MockFilterChain$ServletFilterProxy.doFilter(MockFilterChain.java:165)
	at org.springframework.mock.web.MockFilterChain.doFilter(MockFilterChain.java:132)
	at org.springframework.web.filter.RequestContextFilter.doFilterInternal(RequestContextFilter.java:100)
	at org.springframework.web.filter.OncePerRequestFilter.doFilter(OncePerRequestFilter.java:116)
	at org.springframework.test.web.servlet.setup.MockMvcFilterDecorator.doFilter(MockMvcFilterDecorator.java:151)
	at org.springframework.mock.web.MockFilterChain.doFilter(MockFilterChain.java:132)
	at org.springframework.web.filter.FormContentFilter.doFilterInternal(FormContentFilter.java:93)
	at org.springframework.web.filter.OncePerRequestFilter.doFilter(OncePerRequestFilter.java:116)
	at org.springframework.test.web.servlet.setup.MockMvcFilterDecorator.doFilter(MockMvcFilterDecorator.java:151)
	at org.springframework.mock.web.MockFilterChain.doFilter(MockFilterChain.java:132)
	at org.springframework.web.filter.CharacterEncodingFilter.doFilterInternal(CharacterEncodingFilter.java:201)
	at org.springframework.web.filter.OncePerRequestFilter.doFilter(OncePerRequestFilter.java:116)
	at org.springframework.test.web.servlet.setup.MockMvcFilterDecorator.doFilter(MockMvcFilterDecorator.java:151)
	at org.springframework.mock.web.MockFilterChain.doFilter(MockFilterChain.java:132)
	at org.springframework.test.web.servlet.MockMvc.perform(MockMvc.java:201)
	at com.reliaquest.api.ApiIntegrationTest.CreateEmployeeWithInvalidSalary(ApiIntegrationTest.java:114)
	at java.base/jdk.internal.reflect.NativeMethodAccessorImpl.invoke0(Native Method)
	at java.base/jdk.internal.reflect.NativeMethodAccessorImpl.invoke(NativeMethodAccessorImpl.java:77)
	at java.base/jdk.internal.reflect.DelegatingMethodAccessorImpl.invoke(DelegatingMethodAccessorImpl.java:43)
	at java.base/java.lang.reflect.Method.invoke(Method.java:569)
	at org.junit.platform.commons.util.ReflectionUtils.invokeMethod(ReflectionUtils.java:728)
	at org.junit.jupiter.engine.execution.MethodInvocation.proceed(MethodInvocation.java:60)
	at org.junit.jupiter.engine.execution.InvocationInterceptorChain$ValidatingInvocation.proceed(InvocationInterceptorChain.java:131)
	at org.junit.jupiter.engine.extension.TimeoutExtension.intercept(TimeoutExtension.java:156)
	at org.junit.jupiter.engine.extension.TimeoutExtension.interceptTestableMethod(TimeoutExtension.java:147)
	at org.junit.jupiter.engine.extension.TimeoutExtension.interceptTestMethod(TimeoutExtension.java:86)
	at org.junit.jupiter.engine.execution.InterceptingExecutableInvoker$ReflectiveInterceptorCall.lambda$ofVoidMethod$0(InterceptingExecutableInvoker.java:103)
	at org.junit.jupiter.engine.execution.InterceptingExecutableInvoker.lambda$invoke$0(InterceptingExecutableInvoker.java:93)
	at org.junit.jupiter.engine.execution.InvocationInterceptorChain$InterceptedInvocation.proceed(InvocationInterceptorChain.java:106)
	at org.junit.jupiter.engine.execution.InvocationInterceptorChain.proceed(InvocationInterceptorChain.java:64)
	at org.junit.jupiter.engine.execution.InvocationInterceptorChain.chainAndInvoke(InvocationInterceptorChain.java:45)
	at org.junit.jupiter.engine.execution.InvocationInterceptorChain.invoke(InvocationInterceptorChain.java:37)
	at org.junit.jupiter.engine.execution.InterceptingExecutableInvoker.invoke(InterceptingExecutableInvoker.java:92)
	at org.junit.jupiter.engine.execution.InterceptingExecutableInvoker.invoke(InterceptingExecutableInvoker.java:86)
	at org.junit.jupiter.engine.descriptor.TestMethodTestDescriptor.lambda$invokeTestMethod$7(TestMethodTestDescriptor.java:218)
	at org.junit.platform.engine.support.hierarchical.ThrowableCollector.execute(ThrowableCollector.java:73)
	at org.junit.jupiter.engine.descriptor.TestMethodTestDescriptor.invokeTestMethod(TestMethodTestDescriptor.java:214)
	at org.junit.jupiter.engine.descriptor.TestMethodTestDescriptor.execute(TestMethodTestDescriptor.java:139)
	at org.junit.jupiter.engine.descriptor.TestMethodTestDescriptor.execute(TestMethodTestDescriptor.java:69)
	at org.junit.platform.engine.support.hierarchical.NodeTestTask.lambda$executeRecursively$6(NodeTestTask.java:151)
	at org.junit.platform.engine.support.hierarchical.ThrowableCollector.execute(ThrowableCollector.java:73)
	at org.junit.platform.engine.support.hierarchical.NodeTestTask.lambda$executeRecursively$8(NodeTestTask.java:141)
	at org.junit.platform.engine.support.hierarchical.Node.around(Node.java:137)
	at org.junit.platform.engine.support.hierarchical.NodeTestTask.lambda$executeRecursively$9(NodeTestTask.java:139)
	at org.junit.platform.engine.support.hierarchical.ThrowableCollector.execute(ThrowableCollector.java:73)
	at org.junit.platform.engine.support.hierarchical.NodeTestTask.executeRecursively(NodeTestTask.java:138)
	at org.junit.platform.engine.support.hierarchical.NodeTestTask.execute(NodeTestTask.java:95)
	at java.base/java.util.ArrayList.forEach(ArrayList.java:1511)
	at org.junit.platform.engine.support.hierarchical.SameThreadHierarchicalTestExecutorService.invokeAll(SameThreadHierarchicalTestExecutorService.java:41)
	at org.junit.platform.engine.support.hierarchical.NodeTestTask.lambda$executeRecursively$6(NodeTestTask.java:155)
	at org.junit.platform.engine.support.hierarchical.ThrowableCollector.execute(ThrowableCollector.java:73)
	at org.junit.platform.engine.support.hierarchical.NodeTestTask.lambda$executeRecursively$8(NodeTestTask.java:141)
	at org.junit.platform.engine.support.hierarchical.Node.around(Node.java:137)
	at org.junit.platform.engine.support.hierarchical.NodeTestTask.lambda$executeRecursively$9(NodeTestTask.java:139)
	at org.junit.platform.engine.support.hierarchical.ThrowableCollector.execute(ThrowableCollector.java:73)
	at org.junit.platform.engine.support.hierarchical.NodeTestTask.executeRecursively(NodeTestTask.java:138)
	at org.junit.platform.engine.support.hierarchical.NodeTestTask.execute(NodeTestTask.java:95)
	at java.base/java.util.ArrayList.forEach(ArrayList.java:1511)
	at org.junit.platform.engine.support.hierarchical.SameThreadHierarchicalTestExecutorService.invokeAll(SameThreadHierarchicalTestExecutorService.java:41)
	at org.junit.platform.engine.support.hierarchical.NodeTestTask.lambda$executeRecursively$6(NodeTestTask.java:155)
	at org.junit.platform.engine.support.hierarchical.ThrowableCollector.execute(ThrowableCollector.java:73)
	at org.junit.platform.engine.support.hierarchical.NodeTestTask.lambda$executeRecursively$8(NodeTestTask.java:141)
	at org.junit.platform.engine.support.hierarchical.Node.around(Node.java:137)
	at org.junit.platform.engine.support.hierarchical.NodeTestTask.lambda$executeRecursively$9(NodeTestTask.java:139)
	at org.junit.platform.engine.support.hierarchical.ThrowableCollector.execute(ThrowableCollector.java:73)
	at org.junit.platform.engine.support.hierarchical.NodeTestTask.executeRecursively(NodeTestTask.java:138)
	at org.junit.platform.engine.support.hierarchical.NodeTestTask.execute(NodeTestTask.java:95)
	at org.junit.platform.engine.support.hierarchical.SameThreadHierarchicalTestExecutorService.submit(SameThreadHierarchicalTestExecutorService.java:35)
	at org.junit.platform.engine.support.hierarchical.HierarchicalTestExecutor.execute(HierarchicalTestExecutor.java:57)
	at org.junit.platform.engine.support.hierarchical.HierarchicalTestEngine.execute(HierarchicalTestEngine.java:54)
	at org.junit.platform.launcher.core.EngineExecutionOrchestrator.execute(EngineExecutionOrchestrator.java:107)
	at org.junit.platform.launcher.core.EngineExecutionOrchestrator.execute(EngineExecutionOrchestrator.java:88)
	at org.junit.platform.launcher.core.EngineExecutionOrchestrator.lambda$execute$0(EngineExecutionOrchestrator.java:54)
	at org.junit.platform.launcher.core.EngineExecutionOrchestrator.withInterceptedStreams(EngineExecutionOrchestrator.java:67)
	at org.junit.platform.launcher.core.EngineExecutionOrchestrator.execute(EngineExecutionOrchestrator.java:52)
	at org.junit.platform.launcher.core.DefaultLauncher.execute(DefaultLauncher.java:114)
	at org.junit.platform.launcher.core.DefaultLauncher.execute(DefaultLauncher.java:86)
	at org.junit.platform.launcher.core.DefaultLauncherSession$DelegatingLauncher.execute(DefaultLauncherSession.java:86)
	at org.gradle.api.internal.tasks.testing.junitplatform.JUnitPlatformTestClassProcessor$CollectAllTestClassesExecutor.processAllTestClasses(JUnitPlatformTestClassProcessor.java:124)
	at org.gradle.api.internal.tasks.testing.junitplatform.JUnitPlatformTestClassProcessor$CollectAllTestClassesExecutor.access$000(JUnitPlatformTestClassProcessor.java:99)
	at org.gradle.api.internal.tasks.testing.junitplatform.JUnitPlatformTestClassProcessor.stop(JUnitPlatformTestClassProcessor.java:94)
	at org.gradle.api.internal.tasks.testing.SuiteTestClassProcessor.stop(SuiteTestClassProcessor.java:63)
	at java.base/jdk.internal.reflect.NativeMethodAccessorImpl.invoke0(Native Method)
	at java.base/jdk.internal.reflect.NativeMethodAccessorImpl.invoke(NativeMethodAccessorImpl.java:77)
	at java.base/jdk.internal.reflect.DelegatingMethodAccessorImpl.invoke(DelegatingMethodAccessorImpl.java:43)
	at java.base/java.lang.reflect.Method.invoke(Method.java:569)
	at org.gradle.internal.dispatch.ReflectionDispatch.dispatch(ReflectionDispatch.java:36)
	at org.gradle.internal.dispatch.ReflectionDispatch.dispatch(ReflectionDispatch.java:24)
	at org.gradle.internal.dispatch.ContextClassLoaderDispatch.dispatch(ContextClassLoaderDispatch.java:33)
	at org.gradle.internal.dispatch.ProxyDispatchAdapter$DispatchingInvocationHandler.invoke(ProxyDispatchAdapter.java:92)
	at jdk.proxy1/jdk.proxy1.$Proxy4.stop(Unknown Source)
	at org.gradle.api.internal.tasks.testing.worker.TestWorker$3.run(TestWorker.java:200)
	at org.gradle.api.internal.tasks.testing.worker.TestWorker.executeAndMaintainThreadName(TestWorker.java:132)
	at org.gradle.api.internal.tasks.testing.worker.TestWorker.execute(TestWorker.java:103)
	at org.gradle.api.internal.tasks.testing.worker.TestWorker.execute(TestWorker.java:63)
	at org.gradle.process.internal.worker.child.ActionExecutionWorker.execute(ActionExecutionWorker.java:56)
	at org.gradle.process.internal.worker.child.SystemApplicationClassLoaderWorker.call(SystemApplicationClassLoaderWorker.java:121)
	at org.gradle.process.internal.worker.child.SystemApplicationClassLoaderWorker.call(SystemApplicationClassLoaderWorker.java:71)
	at worker.org.gradle.process.internal.worker.GradleWorkerMain.run(GradleWorkerMain.java:69)
	at worker.org.gradle.process.internal.worker.GradleWorkerMain.main(GradleWorkerMain.java:74)
2025-01-11 02:13:14 INFO  c.r.api.config.LoggingInterceptor - Outgoing Response: / completed in 12 ms
2025-01-11 02:13:14 INFO  c.reliaquest.api.ApiApplicationTest - Result received as :org.springframework.test.web.servlet.DefaultMvcResult@5f5a33ed ,500
2025-01-11 02:13:14 INFO  c.reliaquest.api.ApiApplicationTest - Execution testing case of create employee with valid input
2025-01-11 02:13:14 INFO  c.r.api.config.LoggingInterceptor - Incoming Request: POST /
2025-01-11 02:13:14 INFO  c.r.a.s.impl.EmployeeServiceImpl - EmployeeInput :{name=Rushikesh, salary=1000000, title=Senior Software Engineer, age=26}
2025-01-11 02:13:14 INFO  c.r.a.s.impl.EmployeeServiceImpl - Employee is created successfully
2025-01-11 02:13:14 INFO  c.r.api.config.LoggingInterceptor - Outgoing Response: / completed in 7 ms
2025-01-11 02:13:14 INFO  c.reliaquest.api.ApiApplicationTest - Result received as result:org.springframework.test.web.servlet.DefaultMvcResult@5b59c3d, status:200
2025-01-11 02:13:14 INFO  c.r.api.config.LoggingInterceptor - Incoming Request: DELETE /f5096f9a-adb4-4a60-b63c-d851fc0fcc7b
2025-01-11 02:13:14 INFO  c.r.a.s.impl.EmployeeServiceImpl - Employee removed from cache :true
2025-01-11 02:13:14 INFO  c.r.a.s.impl.EmployeeServiceImpl - Employee deleted successfully
2025-01-11 02:13:14 INFO  c.r.api.config.LoggingInterceptor - Outgoing Response: /f5096f9a-adb4-4a60-b63c-d851fc0fcc7b completed in 6 ms
2025-01-11 02:13:14 INFO  c.reliaquest.api.ApiApplicationTest - Execution testing case of delete employee with valid input
2025-01-11 02:13:14 INFO  c.r.api.config.LoggingInterceptor - Incoming Request: POST /
2025-01-11 02:13:14 INFO  c.r.a.s.impl.EmployeeServiceImpl - EmployeeInput :{name=Rushikesh, salary=1000000, title=Senior Software Engineer, age=26}
2025-01-11 02:13:14 INFO  c.r.a.s.impl.EmployeeServiceImpl - Employee is created successfully
2025-01-11 02:13:14 INFO  c.r.api.config.LoggingInterceptor - Outgoing Response: / completed in 6 ms
2025-01-11 02:13:14 INFO  c.reliaquest.api.ApiApplicationTest - Result received as result:org.springframework.test.web.servlet.DefaultMvcResult@3cf06a01, status:200
2025-01-11 02:13:14 INFO  c.r.api.config.LoggingInterceptor - Incoming Request: GET /search/Rushikesh
2025-01-11 02:13:14 INFO  c.r.api.config.LoggingInterceptor - Outgoing Response: /search/Rushikesh completed in 1 ms
2025-01-11 02:13:14 INFO  c.reliaquest.api.ApiApplicationTest - Result received as :org.springframework.test.web.servlet.DefaultMvcResult@68f2363 status:200
2025-01-11 02:13:14 INFO  c.r.api.config.LoggingInterceptor - Incoming Request: DELETE /639fdab8-a380-495a-8aed-f8556363d3f9
2025-01-11 02:13:14 INFO  c.r.a.s.impl.EmployeeServiceImpl - Employee removed from cache :true
2025-01-11 02:13:14 INFO  c.r.a.s.impl.EmployeeServiceImpl - Employee deleted successfully
2025-01-11 02:13:14 INFO  c.r.api.config.LoggingInterceptor - Outgoing Response: /639fdab8-a380-495a-8aed-f8556363d3f9 completed in 5 ms
2025-01-11 02:13:14 INFO  c.reliaquest.api.ApiApplicationTest - Executing testing case of getting all employees
2025-01-11 02:13:14 INFO  c.r.api.config.LoggingInterceptor - Incoming Request: GET /
2025-01-11 02:13:14 INFO  c.r.a.c.impl.EmployeeControllerImpl - Retrieving all employees
2025-01-11 02:13:14 INFO  c.r.api.config.LoggingInterceptor - Outgoing Response: / completed in 1 ms
2025-01-11 02:13:14 INFO  c.reliaquest.api.ApiApplicationTest - Result received as result:org.springframework.test.web.servlet.DefaultMvcResult@86377d5 status:200
]]></system-out>
  <system-err><![CDATA[]]></system-err>
</testsuite>
